Using pre-set license
Built from '2020.2/staging' branch; Version is '2020.2.6f1 (8a2143876886) revision 9052483'; Using compiler version '192528614'; Build Type 'Release'
OS: 'Windows 10 Home Single Language; OS build 19041.867; Version 2004; 64bit' Language: 'pt' Physical Memory: 16215 MB
BatchMode: 1, IsHumanControllingUs: 0, StartBugReporterOnCrash: 0, Is64bit: 1, IsPro: 0

 COMMAND LINE ARGUMENTS:
C:\Program Files\Unity\Hub\Editor\2020.2.6f1\Editor\Unity.exe
-adb2
-batchMode
-noUpm
-name
AssetImportWorker0
-projectPath
C:/Users/hangp/Documents/UnitySaves/Unity-Project-main/Unity-Project-main/Projeto3D - Demo
-logFile
Logs/AssetImportWorker0.log
-srvPort
53926
Successfully changed project path to: C:/Users/hangp/Documents/UnitySaves/Unity-Project-main/Unity-Project-main/Projeto3D - Demo
C:/Users/hangp/Documents/UnitySaves/Unity-Project-main/Unity-Project-main/Projeto3D - Demo
Using Asset Import Pipeline V2.
Refreshing native plugins compatible for Editor in 29.34 ms, found 0 plugins.
Preloading 0 native plugins for Editor in 0.00 ms.
Initialize engine version: 2020.2.6f1 (8a2143876886)
[Subsystems] Discovering subsystems at path C:/Program Files/Unity/Hub/Editor/2020.2.6f1/Editor/Data/Resources/UnitySubsystems
[Subsystems] Discovering subsystems at path C:/Users/hangp/Documents/UnitySaves/Unity-Project-main/Unity-Project-main/Projeto3D - Demo/Assets
GfxDevice: creating device client; threaded=0
Direct3D:
    Version:  Direct3D 11.0 [level 11.1]
    Renderer: NVIDIA GeForce RTX 2070 with Max-Q Design (ID=0x1f14)
    Vendor:   
    VRAM:     8031 MB
    Driver:   27.21.14.5167
Initialize mono
Mono path[0] = 'C:/Program Files/Unity/Hub/Editor/2020.2.6f1/Editor/Data/Managed'
Mono path[1] = 'C:/Program Files/Unity/Hub/Editor/2020.2.6f1/Editor/Data/MonoBleedingEdge/lib/mono/unityjit'
Mono config path = 'C:/Program Files/Unity/Hub/Editor/2020.2.6f1/Editor/Data/MonoBleedingEdge/etc'
Using monoOptions --debugger-agent=transport=dt_socket,embedding=1,server=y,suspend=n,address=127.0.0.1:56996
Begin MonoManager ReloadAssembly
Registering precompiled unity dll's ...
Register platform support module: C:/Program Files/Unity/Hub/Editor/2020.2.6f1/Editor/Data/PlaybackEngines/WindowsStandaloneSupport/UnityEditor.WindowsStandalone.Extensions.dll
Registered in 0.001920 seconds.
Native extension for WindowsStandalone target not found
Refreshing native plugins compatible for Editor in 29.72 ms, found 0 plugins.
Preloading 0 native plugins for Editor in 0.00 ms.
Invoked RoslynAnalysisRunner static constructor.
RoslynAnalysisRunner will not be running.
RoslynAnalysisRunner has terminated.
Mono: successfully reloaded assembly
- Completed reload, in  0.933 seconds
Platform modules already initialized, skipping
Registering precompiled user dll's ...
Registered in 0.001192 seconds.
Begin MonoManager ReloadAssembly
Script error: OnCollisionEnter
This message parameter has to be of type: Collision
The message will be ignored.

Native extension for WindowsStandalone target not found
Refreshing native plugins compatible for Editor in 30.48 ms, found 0 plugins.
Preloading 0 native plugins for Editor in 0.00 ms.
Invoked RoslynAnalysisRunner static constructor.
RoslynAnalysisRunner will not be running.
RoslynAnalysisRunner has terminated.
Mono: successfully reloaded assembly
- Completed reload, in  1.657 seconds
Platform modules already initialized, skipping
========================================================================
Worker process is ready to serve import requests
Launched and connected shader compiler UnityShaderCompiler.exe after 0.04 seconds
Refreshing native plugins compatible for Editor in 0.28 ms, found 0 plugins.
Preloading 0 native plugins for Editor in 0.00 ms.
Unloading 1737 Unused Serialized files (Serialized files now loaded: 0)
System memory in use before: 105.4 MB.
System memory in use after: 105.3 MB.

Unloading 23 unused Assets to reduce memory usage. Loaded Objects now: 2201.
Total: 2.314300 ms (FindLiveObjects: 0.270500 ms CreateObjectMapping: 0.156200 ms MarkObjects: 1.676000 ms  DeleteObjects: 0.210800 ms)

========================================================================
Received Import Request.
  path: Assets/Laser.mat
  artifactKey: Guid(f39c6d79d5d14ed449cf6dda8fcadabc) Importer(815301076,1909f56bfc062723c751e8b465ee728b)
Start importing Assets/Laser.mat using Guid(f39c6d79d5d14ed449cf6dda8fcadabc) Importer(815301076,1909f56bfc062723c751e8b465ee728b)  -> (artifact id: '5149ccc017da123e248fdeaab2a29246') in 0.097487 seconds
  Import took 0.100690 seconds .

========================================================================
Received Import Request.
  Time since last request: 116.244664 seconds.
  path: Assets/Scripts/Player.cs
  artifactKey: Guid(6d8346c9d71911e43993ca4f26c31211) Importer(815301076,1909f56bfc062723c751e8b465ee728b)
Start importing Assets/Scripts/Player.cs using Guid(6d8346c9d71911e43993ca4f26c31211) Importer(815301076,1909f56bfc062723c751e8b465ee728b)  -> (artifact id: '180f19c7da2078c7f5fafa0b6ea548c3') in 0.015600 seconds
  Import took 0.019625 seconds .

========================================================================
Received Import Request.
  Time since last request: 0.000802 seconds.
  path: Assets/Scripts/Player.cs
  artifactKey: Guid(6d8346c9d71911e43993ca4f26c31211) Importer(815301076,1909f56bfc062723c751e8b465ee728b)
Start importing Assets/Scripts/Player.cs using Guid(6d8346c9d71911e43993ca4f26c31211) Importer(815301076,1909f56bfc062723c751e8b465ee728b)  -> (artifact id: '180f19c7da2078c7f5fafa0b6ea548c3') in 0.003867 seconds
  Import took 0.007091 seconds .

========================================================================
Received Prepare
Registering precompiled user dll's ...
Registered in 0.001265 seconds.
Script error: OnCollisionEnter
This message parameter has to be of type: Collision
The message will be ignored.

Begin MonoManager ReloadAssembly
Script error: OnCollisionEnter
This message parameter has to be of type: Collision
The message will be ignored.

Native extension for WindowsStandalone target not found
Refreshing native plugins compatible for Editor in 0.45 ms, found 0 plugins.
Preloading 0 native plugins for Editor in 0.00 ms.
Invoked RoslynAnalysisRunner static constructor.
RoslynAnalysisRunner will not be running.
RoslynAnalysisRunner has terminated.
Mono: successfully reloaded assembly
- Completed reload, in  1.781 seconds
Platform modules already initialized, skipping
Refreshing native plugins compatible for Editor in 0.40 ms, found 0 plugins.
Preloading 0 native plugins for Editor in 0.00 ms.
Unloading 1680 Unused Serialized files (Serialized files now loaded: 0)
System memory in use before: 104.7 MB.
System memory in use after: 104.7 MB.

Unloading 8 unused Assets to reduce memory usage. Loaded Objects now: 2243.
Total: 3.156200 ms (FindLiveObjects: 0.383600 ms CreateObjectMapping: 0.090800 ms MarkObjects: 2.485800 ms  DeleteObjects: 0.194100 ms)

========================================================================
Received Prepare
Registering precompiled user dll's ...
Registered in 0.001126 seconds.
Script error: OnCollisionEnter
This message parameter has to be of type: Collision
The message will be ignored.

Begin MonoManager ReloadAssembly
Script error: OnCollisionEnter
This message parameter has to be of type: Collision
The message will be ignored.

Native extension for WindowsStandalone target not found
Refreshing native plugins compatible for Editor in 0.33 ms, found 0 plugins.
Preloading 0 native plugins for Editor in 0.00 ms.
Invoked RoslynAnalysisRunner static constructor.
RoslynAnalysisRunner will not be running.
RoslynAnalysisRunner has terminated.
Mono: successfully reloaded assembly
- Completed reload, in  1.017 seconds
Platform modules already initialized, skipping
Refreshing native plugins compatible for Editor in 0.28 ms, found 0 plugins.
Preloading 0 native plugins for Editor in 0.00 ms.
Unloading 1680 Unused Serialized files (Serialized files now loaded: 0)
System memory in use before: 104.8 MB.
System memory in use after: 104.7 MB.

Unloading 8 unused Assets to reduce memory usage. Loaded Objects now: 2245.
Total: 1.967000 ms (FindLiveObjects: 0.220400 ms CreateObjectMapping: 0.070200 ms MarkObjects: 1.521800 ms  DeleteObjects: 0.153100 ms)

========================================================================
Received Prepare
Registering precompiled user dll's ...
Registered in 0.001542 seconds.
Script error: OnCollisionEnter
This message parameter has to be of type: Collision
The message will be ignored.

Begin MonoManager ReloadAssembly
Script error: OnCollisionEnter
This message parameter has to be of type: Collision
The message will be ignored.

Native extension for WindowsStandalone target not found
Refreshing native plugins compatible for Editor in 0.27 ms, found 0 plugins.
Preloading 0 native plugins for Editor in 0.00 ms.
Invoked RoslynAnalysisRunner static constructor.
RoslynAnalysisRunner will not be running.
RoslynAnalysisRunner has terminated.
Mono: successfully reloaded assembly
- Completed reload, in  1.035 seconds
Platform modules already initialized, skipping
Refreshing native plugins compatible for Editor in 0.29 ms, found 0 plugins.
Preloading 0 native plugins for Editor in 0.00 ms.
Unloading 1680 Unused Serialized files (Serialized files now loaded: 0)
System memory in use before: 104.8 MB.
System memory in use after: 104.7 MB.

Unloading 8 unused Assets to reduce memory usage. Loaded Objects now: 2247.
Total: 2.059200 ms (FindLiveObjects: 0.227400 ms CreateObjectMapping: 0.099000 ms MarkObjects: 1.573400 ms  DeleteObjects: 0.158300 ms)

========================================================================
Received Prepare
Registering precompiled user dll's ...
Registered in 0.001157 seconds.
Script error: OnCollisionEnter
This message parameter has to be of type: Collision
The message will be ignored.

Begin MonoManager ReloadAssembly
Script error: OnCollisionEnter
This message parameter has to be of type: Collision
The message will be ignored.

Native extension for WindowsStandalone target not found
Refreshing native plugins compatible for Editor in 0.55 ms, found 0 plugins.
Preloading 0 native plugins for Editor in 0.00 ms.
Invoked RoslynAnalysisRunner static constructor.
RoslynAnalysisRunner will not be running.
RoslynAnalysisRunner has terminated.
Mono: successfully reloaded assembly
- Completed reload, in  1.119 seconds
Platform modules already initialized, skipping
Refreshing native plugins compatible for Editor in 0.28 ms, found 0 plugins.
Preloading 0 native plugins for Editor in 0.00 ms.
Unloading 1680 Unused Serialized files (Serialized files now loaded: 0)
System memory in use before: 104.8 MB.
System memory in use after: 104.8 MB.

Unloading 8 unused Assets to reduce memory usage. Loaded Objects now: 2249.
Total: 2.468300 ms (FindLiveObjects: 0.247900 ms CreateObjectMapping: 0.082000 ms MarkObjects: 1.932000 ms  DeleteObjects: 0.205500 ms)

========================================================================
Received Prepare
Registering precompiled user dll's ...
Registered in 0.001591 seconds.
Script error: OnCollisionEnter
This message parameter has to be of type: Collision
The message will be ignored.

Begin MonoManager ReloadAssembly
Script error: OnCollisionEnter
This message parameter has to be of type: Collision
The message will be ignored.

Native extension for WindowsStandalone target not found
Refreshing native plugins compatible for Editor in 0.48 ms, found 0 plugins.
Preloading 0 native plugins for Editor in 0.00 ms.
Invoked RoslynAnalysisRunner static constructor.
RoslynAnalysisRunner will not be running.
RoslynAnalysisRunner has terminated.
Mono: successfully reloaded assembly
- Completed reload, in  1.355 seconds
Platform modules already initialized, skipping
Refreshing native plugins compatible for Editor in 0.37 ms, found 0 plugins.
Preloading 0 native plugins for Editor in 0.00 ms.
Unloading 1680 Unused Serialized files (Serialized files now loaded: 0)
System memory in use before: 104.8 MB.
System memory in use after: 104.8 MB.

Unloading 8 unused Assets to reduce memory usage. Loaded Objects now: 2251.
Total: 2.788600 ms (FindLiveObjects: 0.257000 ms CreateObjectMapping: 0.113500 ms MarkObjects: 2.236100 ms  DeleteObjects: 0.180700 ms)

========================================================================
Received Import Request.
  Time since last request: 3419.935142 seconds.
  path: Assets/Scripts/Follow.cs
  artifactKey: Guid(e500f04dc66ded946b761cd25d001906) Importer(815301076,1909f56bfc062723c751e8b465ee728b)
Start importing Assets/Scripts/Follow.cs using Guid(e500f04dc66ded946b761cd25d001906) Importer(815301076,1909f56bfc062723c751e8b465ee728b)  -> (artifact id: 'e7a496d5198e55e40734bb371a6ab4bf') in 0.011415 seconds
  Import took 0.017052 seconds .

========================================================================
Received Prepare
Registering precompiled user dll's ...
Registered in 0.001197 seconds.
Script error: OnCollisionEnter
This message parameter has to be of type: Collision
The message will be ignored.

Begin MonoManager ReloadAssembly
Script error: OnCollisionEnter
This message parameter has to be of type: Collision
The message will be ignored.

Native extension for WindowsStandalone target not found
Refreshing native plugins compatible for Editor in 0.29 ms, found 0 plugins.
Preloading 0 native plugins for Editor in 0.00 ms.
Invoked RoslynAnalysisRunner static constructor.
RoslynAnalysisRunner will not be running.
RoslynAnalysisRunner has terminated.
Mono: successfully reloaded assembly
- Completed reload, in  1.039 seconds
Platform modules already initialized, skipping
Refreshing native plugins compatible for Editor in 0.29 ms, found 0 plugins.
Preloading 0 native plugins for Editor in 0.00 ms.
Unloading 1681 Unused Serialized files (Serialized files now loaded: 0)
System memory in use before: 104.8 MB.
System memory in use after: 104.8 MB.

Unloading 8 unused Assets to reduce memory usage. Loaded Objects now: 2254.
Total: 2.548900 ms (FindLiveObjects: 0.327100 ms CreateObjectMapping: 0.177800 ms MarkObjects: 1.815100 ms  DeleteObjects: 0.227900 ms)

========================================================================
Received Prepare
Registering precompiled user dll's ...
Registered in 0.001879 seconds.
Script error: OnCollisionEnter
This message parameter has to be of type: Collision
The message will be ignored.

Begin MonoManager ReloadAssembly
Script error: OnCollisionEnter
This message parameter has to be of type: Collision
The message will be ignored.

Native extension for WindowsStandalone target not found
Refreshing native plugins compatible for Editor in 0.63 ms, found 0 plugins.
Preloading 0 native plugins for Editor in 0.00 ms.
Invoked RoslynAnalysisRunner static constructor.
RoslynAnalysisRunner will not be running.
RoslynAnalysisRunner has terminated.
Mono: successfully reloaded assembly
- Completed reload, in  1.071 seconds
Platform modules already initialized, skipping
Refreshing native plugins compatible for Editor in 0.29 ms, found 0 plugins.
Preloading 0 native plugins for Editor in 0.00 ms.
Unloading 1681 Unused Serialized files (Serialized files now loaded: 0)
System memory in use before: 104.9 MB.
System memory in use after: 104.8 MB.

Unloading 8 unused Assets to reduce memory usage. Loaded Objects now: 2256.
Total: 2.253000 ms (FindLiveObjects: 0.320800 ms CreateObjectMapping: 0.082600 ms MarkObjects: 1.647700 ms  DeleteObjects: 0.186900 ms)

========================================================================
Received Import Request.
  Time since last request: 53.821189 seconds.
  path: Assets/Scripts/Follow.cs
  artifactKey: Guid(e500f04dc66ded946b761cd25d001906) Importer(815301076,1909f56bfc062723c751e8b465ee728b)
Start importing Assets/Scripts/Follow.cs using Guid(e500f04dc66ded946b761cd25d001906) Importer(815301076,1909f56bfc062723c751e8b465ee728b)  -> (artifact id: 'a11ba18159b58a45488bc75c711e5404') in 0.006015 seconds
  Import took 0.009033 seconds .

========================================================================
Received Import Request.
  Time since last request: 1.171687 seconds.
  path: Assets/Scripts/Follow.cs
  artifactKey: Guid(e500f04dc66ded946b761cd25d001906) Importer(815301076,1909f56bfc062723c751e8b465ee728b)
Start importing Assets/Scripts/Follow.cs using Guid(e500f04dc66ded946b761cd25d001906) Importer(815301076,1909f56bfc062723c751e8b465ee728b)  -> (artifact id: 'a11ba18159b58a45488bc75c711e5404') in 0.003281 seconds
  Import took 0.006515 seconds .

========================================================================
Received Prepare
Registering precompiled user dll's ...
Registered in 0.001331 seconds.
Script error: OnCollisionEnter
This message parameter has to be of type: Collision
The message will be ignored.

Begin MonoManager ReloadAssembly
Script error: OnCollisionEnter
This message parameter has to be of type: Collision
The message will be ignored.

Native extension for WindowsStandalone target not found
Refreshing native plugins compatible for Editor in 1.07 ms, found 0 plugins.
Preloading 0 native plugins for Editor in 0.00 ms.
Invoked RoslynAnalysisRunner static constructor.
RoslynAnalysisRunner will not be running.
RoslynAnalysisRunner has terminated.
Mono: successfully reloaded assembly
- Completed reload, in  1.245 seconds
Platform modules already initialized, skipping
Refreshing native plugins compatible for Editor in 0.30 ms, found 0 plugins.
Preloading 0 native plugins for Editor in 0.00 ms.
Unloading 1681 Unused Serialized files (Serialized files now loaded: 0)
System memory in use before: 104.9 MB.
System memory in use after: 104.8 MB.

Unloading 8 unused Assets to reduce memory usage. Loaded Objects now: 2258.
Total: 3.743200 ms (FindLiveObjects: 0.281800 ms CreateObjectMapping: 0.080900 ms MarkObjects: 3.166900 ms  DeleteObjects: 0.211700 ms)

========================================================================
Received Prepare
Registering precompiled user dll's ...
Registered in 0.001642 seconds.
Script error: OnCollisionEnter
This message parameter has to be of type: Collision
The message will be ignored.

Begin MonoManager ReloadAssembly
Script error: OnCollisionEnter
This message parameter has to be of type: Collision
The message will be ignored.

Native extension for WindowsStandalone target not found
Refreshing native plugins compatible for Editor in 0.28 ms, found 0 plugins.
Preloading 0 native plugins for Editor in 0.00 ms.
Invoked RoslynAnalysisRunner static constructor.
RoslynAnalysisRunner will not be running.
RoslynAnalysisRunner has terminated.
Mono: successfully reloaded assembly
- Completed reload, in  1.393 seconds
Platform modules already initialized, skipping
Refreshing native plugins compatible for Editor in 0.35 ms, found 0 plugins.
Preloading 0 native plugins for Editor in 0.00 ms.
Unloading 1681 Unused Serialized files (Serialized files now loaded: 0)
System memory in use before: 104.9 MB.
System memory in use after: 104.8 MB.

Unloading 8 unused Assets to reduce memory usage. Loaded Objects now: 2260.
Total: 2.939300 ms (FindLiveObjects: 0.201000 ms CreateObjectMapping: 0.085100 ms MarkObjects: 2.413600 ms  DeleteObjects: 0.238700 ms)

========================================================================
Received Import Request.
  Time since last request: 55.569621 seconds.
  path: Assets/Scripts/Follow.cs
  artifactKey: Guid(e500f04dc66ded946b761cd25d001906) Importer(815301076,1909f56bfc062723c751e8b465ee728b)
Start importing Assets/Scripts/Follow.cs using Guid(e500f04dc66ded946b761cd25d001906) Importer(815301076,1909f56bfc062723c751e8b465ee728b)  -> (artifact id: '5d8d95f7ea49bd2dc8182540823af349') in 0.006649 seconds
  Import took 0.013445 seconds .

========================================================================
Received Import Request.
  Time since last request: 0.002088 seconds.
  path: Assets/Scripts/Follow.cs
  artifactKey: Guid(e500f04dc66ded946b761cd25d001906) Importer(815301076,1909f56bfc062723c751e8b465ee728b)
Start importing Assets/Scripts/Follow.cs using Guid(e500f04dc66ded946b761cd25d001906) Importer(815301076,1909f56bfc062723c751e8b465ee728b)  -> (artifact id: '5d8d95f7ea49bd2dc8182540823af349') in 0.003072 seconds
  Import took 0.005942 seconds .

========================================================================
Received Prepare
Registering precompiled user dll's ...
Registered in 0.001128 seconds.
Script error: OnCollisionEnter
This message parameter has to be of type: Collision
The message will be ignored.

Begin MonoManager ReloadAssembly
Script error: OnCollisionEnter
This message parameter has to be of type: Collision
The message will be ignored.

Native extension for WindowsStandalone target not found
Refreshing native plugins compatible for Editor in 0.29 ms, found 0 plugins.
Preloading 0 native plugins for Editor in 0.00 ms.
Invoked RoslynAnalysisRunner static constructor.
RoslynAnalysisRunner will not be running.
RoslynAnalysisRunner has terminated.
Mono: successfully reloaded assembly
- Completed reload, in  1.035 seconds
Platform modules already initialized, skipping
Refreshing native plugins compatible for Editor in 0.30 ms, found 0 plugins.
Preloading 0 native plugins for Editor in 0.00 ms.
Unloading 1681 Unused Serialized files (Serialized files now loaded: 0)
System memory in use before: 104.9 MB.
System memory in use after: 104.8 MB.

Unloading 8 unused Assets to reduce memory usage. Loaded Objects now: 2262.
Total: 2.732600 ms (FindLiveObjects: 0.243500 ms CreateObjectMapping: 0.080600 ms MarkObjects: 2.217100 ms  DeleteObjects: 0.190200 ms)

========================================================================
Received Prepare
Registering precompiled user dll's ...
Registered in 0.001381 seconds.
Script error: OnCollisionEnter
This message parameter has to be of type: Collision
The message will be ignored.

Begin MonoManager ReloadAssembly
Script error: OnCollisionEnter
This message parameter has to be of type: Collision
The message will be ignored.

Native extension for WindowsStandalone target not found
Refreshing native plugins compatible for Editor in 0.28 ms, found 0 plugins.
Preloading 0 native plugins for Editor in 0.00 ms.
Invoked RoslynAnalysisRunner static constructor.
RoslynAnalysisRunner will not be running.
RoslynAnalysisRunner has terminated.
Mono: successfully reloaded assembly
- Completed reload, in  1.192 seconds
Platform modules already initialized, skipping
Refreshing native plugins compatible for Editor in 0.28 ms, found 0 plugins.
Preloading 0 native plugins for Editor in 0.00 ms.
Unloading 1681 Unused Serialized files (Serialized files now loaded: 0)
System memory in use before: 104.9 MB.
System memory in use after: 104.8 MB.

Unloading 8 unused Assets to reduce memory usage. Loaded Objects now: 2264.
Total: 1.881100 ms (FindLiveObjects: 0.180700 ms CreateObjectMapping: 0.073200 ms MarkObjects: 1.451400 ms  DeleteObjects: 0.175100 ms)

========================================================================
Received Prepare
Registering precompiled user dll's ...
Registered in 0.001450 seconds.
Script error: OnCollisionEnter
This message parameter has to be of type: Collision
The message will be ignored.

Begin MonoManager ReloadAssembly
Script error: OnCollisionEnter
This message parameter has to be of type: Collision
The message will be ignored.

Native extension for WindowsStandalone target not found
Refreshing native plugins compatible for Editor in 0.36 ms, found 0 plugins.
Preloading 0 native plugins for Editor in 0.00 ms.
Invoked RoslynAnalysisRunner static constructor.
RoslynAnalysisRunner will not be running.
RoslynAnalysisRunner has terminated.
Mono: successfully reloaded assembly
- Completed reload, in  1.048 seconds
Platform modules already initialized, skipping
Refreshing native plugins compatible for Editor in 0.29 ms, found 0 plugins.
Preloading 0 native plugins for Editor in 0.00 ms.
Unloading 1681 Unused Serialized files (Serialized files now loaded: 0)
System memory in use before: 104.9 MB.
System memory in use after: 104.8 MB.

Unloading 8 unused Assets to reduce memory usage. Loaded Objects now: 2266.
Total: 2.638500 ms (FindLiveObjects: 0.282500 ms CreateObjectMapping: 0.095000 ms MarkObjects: 1.972800 ms  DeleteObjects: 0.263100 ms)

========================================================================
Received Prepare
Registering precompiled user dll's ...
Registered in 0.001086 seconds.
Script error: OnCollisionEnter
This message parameter has to be of type: Collision
The message will be ignored.

Begin MonoManager ReloadAssembly
Script error: OnCollisionEnter
This message parameter has to be of type: Collision
The message will be ignored.

Native extension for WindowsStandalone target not found
Refreshing native plugins compatible for Editor in 0.43 ms, found 0 plugins.
Preloading 0 native plugins for Editor in 0.00 ms.
Invoked RoslynAnalysisRunner static constructor.
RoslynAnalysisRunner will not be running.
RoslynAnalysisRunner has terminated.
Mono: successfully reloaded assembly
- Completed reload, in  1.735 seconds
Platform modules already initialized, skipping
Refreshing native plugins compatible for Editor in 1.02 ms, found 0 plugins.
Preloading 0 native plugins for Editor in 0.00 ms.
Unloading 1681 Unused Serialized files (Serialized files now loaded: 0)
System memory in use before: 104.9 MB.
System memory in use after: 104.8 MB.

Unloading 8 unused Assets to reduce memory usage. Loaded Objects now: 2268.
Total: 4.377200 ms (FindLiveObjects: 0.441800 ms CreateObjectMapping: 0.199400 ms MarkObjects: 3.427700 ms  DeleteObjects: 0.305700 ms)

========================================================================
Received Prepare
Registering precompiled user dll's ...
Registered in 0.001164 seconds.
Script error: OnCollisionEnter
This message parameter has to be of type: Collision
The message will be ignored.

Begin MonoManager ReloadAssembly
Script error: OnCollisionEnter
This message parameter has to be of type: Collision
The message will be ignored.

Native extension for WindowsStandalone target not found
Refreshing native plugins compatible for Editor in 0.29 ms, found 0 plugins.
Preloading 0 native plugins for Editor in 0.00 ms.
Invoked RoslynAnalysisRunner static constructor.
RoslynAnalysisRunner will not be running.
RoslynAnalysisRunner has terminated.
Mono: successfully reloaded assembly
- Completed reload, in  1.036 seconds
Platform modules already initialized, skipping
Refreshing native plugins compatible for Editor in 0.32 ms, found 0 plugins.
Preloading 0 native plugins for Editor in 0.00 ms.
Unloading 1681 Unused Serialized files (Serialized files now loaded: 0)
System memory in use before: 104.9 MB.
System memory in use after: 104.8 MB.

Unloading 8 unused Assets to reduce memory usage. Loaded Objects now: 2270.
Total: 3.164600 ms (FindLiveObjects: 0.332400 ms CreateObjectMapping: 0.098400 ms MarkObjects: 2.523700 ms  DeleteObjects: 0.208900 ms)

========================================================================
Received Prepare
Registering precompiled user dll's ...
Registered in 0.001543 seconds.
Script error: OnCollisionEnter
This message parameter has to be of type: Collision
The message will be ignored.

Begin MonoManager ReloadAssembly
Script error: OnCollisionEnter
This message parameter has to be of type: Collision
The message will be ignored.

Native extension for WindowsStandalone target not found
Refreshing native plugins compatible for Editor in 0.28 ms, found 0 plugins.
Preloading 0 native plugins for Editor in 0.00 ms.
Invoked RoslynAnalysisRunner static constructor.
RoslynAnalysisRunner will not be running.
RoslynAnalysisRunner has terminated.
Mono: successfully reloaded assembly
- Completed reload, in  1.015 seconds
Platform modules already initialized, skipping
Refreshing native plugins compatible for Editor in 0.29 ms, found 0 plugins.
Preloading 0 native plugins for Editor in 0.00 ms.
Unloading 1681 Unused Serialized files (Serialized files now loaded: 0)
System memory in use before: 104.9 MB.
System memory in use after: 104.9 MB.

Unloading 8 unused Assets to reduce memory usage. Loaded Objects now: 2272.
Total: 2.423100 ms (FindLiveObjects: 0.228000 ms CreateObjectMapping: 0.078000 ms MarkObjects: 1.843700 ms  DeleteObjects: 0.272300 ms)

========================================================================
Received Prepare
Registering precompiled user dll's ...
Registered in 0.001071 seconds.
Script error: OnCollisionEnter
This message parameter has to be of type: Collision
The message will be ignored.

Begin MonoManager ReloadAssembly
Script error: OnCollisionEnter
This message parameter has to be of type: Collision
The message will be ignored.

Native extension for WindowsStandalone target not found
Refreshing native plugins compatible for Editor in 0.30 ms, found 0 plugins.
Preloading 0 native plugins for Editor in 0.00 ms.
Invoked RoslynAnalysisRunner static constructor.
RoslynAnalysisRunner will not be running.
RoslynAnalysisRunner has terminated.
Mono: successfully reloaded assembly
- Completed reload, in  1.020 seconds
Platform modules already initialized, skipping
Refreshing native plugins compatible for Editor in 0.28 ms, found 0 plugins.
Preloading 0 native plugins for Editor in 0.00 ms.
Unloading 1681 Unused Serialized files (Serialized files now loaded: 0)
System memory in use before: 104.9 MB.
System memory in use after: 104.9 MB.

Unloading 8 unused Assets to reduce memory usage. Loaded Objects now: 2274.
Total: 2.152500 ms (FindLiveObjects: 0.288300 ms CreateObjectMapping: 0.183400 ms MarkObjects: 1.515300 ms  DeleteObjects: 0.164400 ms)

========================================================================
Received Prepare
Registering precompiled user dll's ...
Registered in 0.001862 seconds.
Script error: OnCollisionEnter
This message parameter has to be of type: Collision
The message will be ignored.

Begin MonoManager ReloadAssembly
Script error: OnCollisionEnter
This message parameter has to be of type: Collision
The message will be ignored.

Native extension for WindowsStandalone target not found
Refreshing native plugins compatible for Editor in 0.29 ms, found 0 plugins.
Preloading 0 native plugins for Editor in 0.00 ms.
Invoked RoslynAnalysisRunner static constructor.
RoslynAnalysisRunner will not be running.
RoslynAnalysisRunner has terminated.
Mono: successfully reloaded assembly
- Completed reload, in  0.999 seconds
Platform modules already initialized, skipping
Refreshing native plugins compatible for Editor in 0.29 ms, found 0 plugins.
Preloading 0 native plugins for Editor in 0.00 ms.
Unloading 1681 Unused Serialized files (Serialized files now loaded: 0)
System memory in use before: 104.9 MB.
System memory in use after: 104.9 MB.

Unloading 8 unused Assets to reduce memory usage. Loaded Objects now: 2276.
Total: 2.589300 ms (FindLiveObjects: 0.204900 ms CreateObjectMapping: 0.057900 ms MarkObjects: 2.139500 ms  DeleteObjects: 0.185400 ms)

========================================================================
Received Prepare
Registering precompiled user dll's ...
Registered in 0.001095 seconds.
Script error: OnCollisionEnter
This message parameter has to be of type: Collision
The message will be ignored.

Begin MonoManager ReloadAssembly
Script error: OnCollisionEnter
This message parameter has to be of type: Collision
The message will be ignored.

Native extension for WindowsStandalone target not found
Refreshing native plugins compatible for Editor in 0.60 ms, found 0 plugins.
Preloading 0 native plugins for Editor in 0.00 ms.
Invoked RoslynAnalysisRunner static constructor.
RoslynAnalysisRunner will not be running.
RoslynAnalysisRunner has terminated.
Mono: successfully reloaded assembly
- Completed reload, in  1.028 seconds
Platform modules already initialized, skipping
Refreshing native plugins compatible for Editor in 0.32 ms, found 0 plugins.
Preloading 0 native plugins for Editor in 0.00 ms.
Unloading 1681 Unused Serialized files (Serialized files now loaded: 0)
System memory in use before: 104.9 MB.
System memory in use after: 104.9 MB.

Unloading 8 unused Assets to reduce memory usage. Loaded Objects now: 2278.
Total: 2.600900 ms (FindLiveObjects: 0.474100 ms CreateObjectMapping: 0.229100 ms MarkObjects: 1.704600 ms  DeleteObjects: 0.192200 ms)

========================================================================
Received Prepare
Registering precompiled user dll's ...
Registered in 0.001019 seconds.
Script error: OnCollisionEnter
This message parameter has to be of type: Collision
The message will be ignored.

Begin MonoManager ReloadAssembly
Script error: OnCollisionEnter
This message parameter has to be of type: Collision
The message will be ignored.

Native extension for WindowsStandalone target not found
Refreshing native plugins compatible for Editor in 0.29 ms, found 0 plugins.
Preloading 0 native plugins for Editor in 0.00 ms.
Invoked RoslynAnalysisRunner static constructor.
RoslynAnalysisRunner will not be running.
RoslynAnalysisRunner has terminated.
Mono: successfully reloaded assembly
- Completed reload, in  1.016 seconds
Platform modules already initialized, skipping
Refreshing native plugins compatible for Editor in 0.28 ms, found 0 plugins.
Preloading 0 native plugins for Editor in 0.00 ms.
Unloading 1681 Unused Serialized files (Serialized files now loaded: 0)
System memory in use before: 104.9 MB.
System memory in use after: 104.9 MB.

Unloading 8 unused Assets to reduce memory usage. Loaded Objects now: 2280.
Total: 2.404800 ms (FindLiveObjects: 0.245000 ms CreateObjectMapping: 0.057700 ms MarkObjects: 1.879400 ms  DeleteObjects: 0.221900 ms)

========================================================================
Received Prepare
Registering precompiled user dll's ...
Registered in 0.001092 seconds.
Script error: OnCollisionEnter
This message parameter has to be of type: Collision
The message will be ignored.

Begin MonoManager ReloadAssembly
Script error: OnCollisionEnter
This message parameter has to be of type: Collision
The message will be ignored.

Native extension for WindowsStandalone target not found
Refreshing native plugins compatible for Editor in 0.28 ms, found 0 plugins.
Preloading 0 native plugins for Editor in 0.00 ms.
Invoked RoslynAnalysisRunner static constructor.
RoslynAnalysisRunner will not be running.
RoslynAnalysisRunner has terminated.
Mono: successfully reloaded assembly
- Completed reload, in  1.048 seconds
Platform modules already initialized, skipping
Refreshing native plugins compatible for Editor in 0.29 ms, found 0 plugins.
Preloading 0 native plugins for Editor in 0.00 ms.
Unloading 1681 Unused Serialized files (Serialized files now loaded: 0)
System memory in use before: 104.9 MB.
System memory in use after: 104.9 MB.

Unloading 8 unused Assets to reduce memory usage. Loaded Objects now: 2282.
Total: 2.609100 ms (FindLiveObjects: 0.215100 ms CreateObjectMapping: 0.074600 ms MarkObjects: 2.031800 ms  DeleteObjects: 0.286300 ms)

========================================================================
Received Prepare
Registering precompiled user dll's ...
Registered in 0.001040 seconds.
Script error: OnCollisionEnter
This message parameter has to be of type: Collision
The message will be ignored.

Begin MonoManager ReloadAssembly
Script error: OnCollisionEnter
This message parameter has to be of type: Collision
The message will be ignored.

Native extension for WindowsStandalone target not found
Refreshing native plugins compatible for Editor in 0.28 ms, found 0 plugins.
Preloading 0 native plugins for Editor in 0.00 ms.
Invoked RoslynAnalysisRunner static constructor.
RoslynAnalysisRunner will not be running.
RoslynAnalysisRunner has terminated.
Mono: successfully reloaded assembly
- Completed reload, in  1.062 seconds
Platform modules already initialized, skipping
Refreshing native plugins compatible for Editor in 0.42 ms, found 0 plugins.
Preloading 0 native plugins for Editor in 0.00 ms.
Unloading 1681 Unused Serialized files (Serialized files now loaded: 0)
System memory in use before: 104.9 MB.
System memory in use after: 104.9 MB.

Unloading 8 unused Assets to reduce memory usage. Loaded Objects now: 2284.
Total: 2.614500 ms (FindLiveObjects: 0.272900 ms CreateObjectMapping: 0.087900 ms MarkObjects: 2.073800 ms  DeleteObjects: 0.178500 ms)

========================================================================
Received Prepare
Registering precompiled user dll's ...
Registered in 0.001169 seconds.
Script error: OnCollisionEnter
This message parameter has to be of type: Collision
The message will be ignored.

Begin MonoManager ReloadAssembly
Script error: OnCollisionEnter
This message parameter has to be of type: Collision
The message will be ignored.

Native extension for WindowsStandalone target not found
Refreshing native plugins compatible for Editor in 0.34 ms, found 0 plugins.
Preloading 0 native plugins for Editor in 0.00 ms.
Invoked RoslynAnalysisRunner static constructor.
RoslynAnalysisRunner will not be running.
RoslynAnalysisRunner has terminated.
Mono: successfully reloaded assembly
- Completed reload, in  1.036 seconds
Platform modules already initialized, skipping
Refreshing native plugins compatible for Editor in 0.31 ms, found 0 plugins.
Preloading 0 native plugins for Editor in 0.00 ms.
Unloading 1681 Unused Serialized files (Serialized files now loaded: 0)
System memory in use before: 105.0 MB.
System memory in use after: 104.9 MB.

Unloading 8 unused Assets to reduce memory usage. Loaded Objects now: 2286.
Total: 2.007400 ms (FindLiveObjects: 0.272200 ms CreateObjectMapping: 0.078300 ms MarkObjects: 1.473600 ms  DeleteObjects: 0.180400 ms)

========================================================================
Received Import Request.
  Time since last request: 1081.727832 seconds.
  path: Assets/DogFollower.mat
  artifactKey: Guid(a835150150541044cb586b47c3f1f8a8) Importer(815301076,1909f56bfc062723c751e8b465ee728b)
Start importing Assets/DogFollower.mat using Guid(a835150150541044cb586b47c3f1f8a8) Importer(815301076,1909f56bfc062723c751e8b465ee728b)  -> (artifact id: 'a1e2faeb1adb10159b263870006358dc') in 0.068131 seconds
  Import took 0.070998 seconds .

========================================================================
Received Import Request.
  Time since last request: 57.556091 seconds.
  path: Assets/Prefab
  artifactKey: Guid(b8e9ca63aa51e1a4fbe96a1df7c6d34b) Importer(815301076,1909f56bfc062723c751e8b465ee728b)
Start importing Assets/Prefab using Guid(b8e9ca63aa51e1a4fbe96a1df7c6d34b) Importer(815301076,1909f56bfc062723c751e8b465ee728b)  -> (artifact id: '3dd1f4a252036f74edb9f3a1a95a94f7') in 0.008579 seconds
  Import took 0.011892 seconds .

========================================================================
Received Import Request.
  Time since last request: 0.020241 seconds.
  path: Assets/Samples
  artifactKey: Guid(0ab3f4e02011b2e4f8b3cab3406a4e24) Importer(815301076,1909f56bfc062723c751e8b465ee728b)
Start importing Assets/Samples using Guid(0ab3f4e02011b2e4f8b3cab3406a4e24) Importer(815301076,1909f56bfc062723c751e8b465ee728b)  -> (artifact id: '78b148f6fed331be5c4ea01032a5eac7') in 0.008902 seconds
  Import took 0.013010 seconds .

========================================================================
Received Prepare
Registering precompiled user dll's ...
Registered in 0.001347 seconds.
Script error: OnCollisionEnter
This message parameter has to be of type: Collision
The message will be ignored.

Begin MonoManager ReloadAssembly
Script error: OnCollisionEnter
This message parameter has to be of type: Collision
The message will be ignored.

Native extension for WindowsStandalone target not found
Refreshing native plugins compatible for Editor in 0.29 ms, found 0 plugins.
Preloading 0 native plugins for Editor in 0.00 ms.
Invoked RoslynAnalysisRunner static constructor.
RoslynAnalysisRunner will not be running.
RoslynAnalysisRunner has terminated.
Mono: successfully reloaded assembly
- Completed reload, in  1.020 seconds
Platform modules already initialized, skipping
Refreshing native plugins compatible for Editor in 0.28 ms, found 0 plugins.
Preloading 0 native plugins for Editor in 0.00 ms.
Unloading 1681 Unused Serialized files (Serialized files now loaded: 0)
System memory in use before: 105.0 MB.
System memory in use after: 104.9 MB.

Unloading 8 unused Assets to reduce memory usage. Loaded Objects now: 2289.
Total: 2.747900 ms (FindLiveObjects: 0.160700 ms CreateObjectMapping: 0.052900 ms MarkObjects: 2.293200 ms  DeleteObjects: 0.239900 ms)

========================================================================
Received Prepare
Registering precompiled user dll's ...
Registered in 0.001119 seconds.
Script error: OnCollisionEnter
This message parameter has to be of type: Collision
The message will be ignored.

Begin MonoManager ReloadAssembly
Script error: OnCollisionEnter
This message parameter has to be of type: Collision
The message will be ignored.

Native extension for WindowsStandalone target not found
Refreshing native plugins compatible for Editor in 0.28 ms, found 0 plugins.
Preloading 0 native plugins for Editor in 0.00 ms.
Invoked RoslynAnalysisRunner static constructor.
RoslynAnalysisRunner will not be running.
RoslynAnalysisRunner has terminated.
Mono: successfully reloaded assembly
- Completed reload, in  0.981 seconds
Platform modules already initialized, skipping
Refreshing native plugins compatible for Editor in 0.39 ms, found 0 plugins.
Preloading 0 native plugins for Editor in 0.00 ms.
Unloading 1681 Unused Serialized files (Serialized files now loaded: 0)
System memory in use before: 105.0 MB.
System memory in use after: 104.9 MB.

Unloading 8 unused Assets to reduce memory usage. Loaded Objects now: 2291.
Total: 2.748100 ms (FindLiveObjects: 0.427400 ms CreateObjectMapping: 0.168800 ms MarkObjects: 1.791800 ms  DeleteObjects: 0.358300 ms)

========================================================================
Received Prepare
Refreshing native plugins compatible for Editor in 1.01 ms, found 0 plugins.
Preloading 0 native plugins for Editor in 0.00 ms.
Unloading 7 Unused Serialized files (Serialized files now loaded: 0)
System memory in use before: 71.2 MB.
System memory in use after: 71.2 MB.

Unloading 6 unused Assets to reduce memory usage. Loaded Objects now: 2291.
Total: 2.479700 ms (FindLiveObjects: 0.366200 ms CreateObjectMapping: 0.134500 ms MarkObjects: 1.787900 ms  DeleteObjects: 0.189800 ms)

========================================================================
Received Prepare
Refreshing native plugins compatible for Editor in 1.23 ms, found 0 plugins.
Preloading 0 native plugins for Editor in 0.00 ms.
Unloading 7 Unused Serialized files (Serialized files now loaded: 0)
System memory in use before: 71.2 MB.
System memory in use after: 71.2 MB.

Unloading 6 unused Assets to reduce memory usage. Loaded Objects now: 2291.
Total: 5.074100 ms (FindLiveObjects: 0.324600 ms CreateObjectMapping: 0.110000 ms MarkObjects: 4.327100 ms  DeleteObjects: 0.310400 ms)

========================================================================
Received Prepare
Registering precompiled user dll's ...
Registered in 0.001758 seconds.
Script error: OnCollisionEnter
This message parameter has to be of type: Collision
The message will be ignored.

Begin MonoManager ReloadAssembly
Script error: OnCollisionEnter
This message parameter has to be of type: Collision
The message will be ignored.

Native extension for WindowsStandalone target not found
Refreshing native plugins compatible for Editor in 1.06 ms, found 0 plugins.
Preloading 0 native plugins for Editor in 0.00 ms.
Invoked RoslynAnalysisRunner static constructor.
RoslynAnalysisRunner will not be running.
RoslynAnalysisRunner has terminated.
Mono: successfully reloaded assembly
- Completed reload, in  2.127 seconds
Platform modules already initialized, skipping
Refreshing native plugins compatible for Editor in 0.31 ms, found 0 plugins.
Preloading 0 native plugins for Editor in 0.00 ms.
Unloading 1681 Unused Serialized files (Serialized files now loaded: 0)
System memory in use before: 105.0 MB.
System memory in use after: 104.9 MB.

Unloading 8 unused Assets to reduce memory usage. Loaded Objects now: 2293.
Total: 3.202900 ms (FindLiveObjects: 0.431600 ms CreateObjectMapping: 0.113100 ms MarkObjects: 2.482800 ms  DeleteObjects: 0.172700 ms)

========================================================================
Received Prepare
Refreshing native plugins compatible for Editor in 0.97 ms, found 0 plugins.
Preloading 0 native plugins for Editor in 0.00 ms.
Unloading 7 Unused Serialized files (Serialized files now loaded: 0)
System memory in use before: 71.2 MB.
System memory in use after: 71.2 MB.

Unloading 6 unused Assets to reduce memory usage. Loaded Objects now: 2293.
Total: 2.513300 ms (FindLiveObjects: 0.363300 ms CreateObjectMapping: 0.130400 ms MarkObjects: 1.806800 ms  DeleteObjects: 0.210800 ms)

========================================================================
Received Prepare
Refreshing native plugins compatible for Editor in 1.01 ms, found 0 plugins.
Preloading 0 native plugins for Editor in 0.00 ms.
Unloading 7 Unused Serialized files (Serialized files now loaded: 0)
System memory in use before: 71.2 MB.
System memory in use after: 71.2 MB.

Unloading 6 unused Assets to reduce memory usage. Loaded Objects now: 2293.
Total: 3.097200 ms (FindLiveObjects: 0.370300 ms CreateObjectMapping: 0.167500 ms MarkObjects: 2.312000 ms  DeleteObjects: 0.245700 ms)

========================================================================
Received Prepare
Refreshing native plugins compatible for Editor in 1.04 ms, found 0 plugins.
Preloading 0 native plugins for Editor in 0.00 ms.
Unloading 7 Unused Serialized files (Serialized files now loaded: 0)
System memory in use before: 71.2 MB.
System memory in use after: 71.2 MB.

Unloading 6 unused Assets to reduce memory usage. Loaded Objects now: 2293.
Total: 2.667900 ms (FindLiveObjects: 0.208200 ms CreateObjectMapping: 0.098300 ms MarkObjects: 2.163800 ms  DeleteObjects: 0.196400 ms)

========================================================================
Received Prepare
Refreshing native plugins compatible for Editor in 1.10 ms, found 0 plugins.
Preloading 0 native plugins for Editor in 0.00 ms.
Unloading 7 Unused Serialized files (Serialized files now loaded: 0)
System memory in use before: 71.2 MB.
System memory in use after: 71.2 MB.

Unloading 6 unused Assets to reduce memory usage. Loaded Objects now: 2293.
Total: 3.034800 ms (FindLiveObjects: 0.381800 ms CreateObjectMapping: 0.155400 ms MarkObjects: 2.287200 ms  DeleteObjects: 0.207200 ms)

========================================================================
Received Prepare
Refreshing native plugins compatible for Editor in 0.97 ms, found 0 plugins.
Preloading 0 native plugins for Editor in 0.00 ms.
Unloading 7 Unused Serialized files (Serialized files now loaded: 0)
System memory in use before: 71.2 MB.
System memory in use after: 71.2 MB.

Unloading 6 unused Assets to reduce memory usage. Loaded Objects now: 2293.
Total: 2.343100 ms (FindLiveObjects: 0.293500 ms CreateObjectMapping: 0.091500 ms MarkObjects: 1.731200 ms  DeleteObjects: 0.225600 ms)

