Using pre-set license
Built from '2020.2/staging' branch; Version is '2020.2.6f1 (8a2143876886) revision 9052483'; Using compiler version '192528614'; Build Type 'Release'
OS: 'Windows 10 Home Single Language; OS build 19041.985; Version 2004; 64bit' Language: 'pt' Physical Memory: 16215 MB
BatchMode: 1, IsHumanControllingUs: 0, StartBugReporterOnCrash: 0, Is64bit: 1, IsPro: 0

 COMMAND LINE ARGUMENTS:
C:\Program Files\Unity\Hub\Editor\2020.2.6f1\Editor\Unity.exe
-adb2
-batchMode
-noUpm
-name
AssetImportWorker0
-projectPath
C:/Users/hangp/Documents/UnitySaves/Unity-Project-main/Unity-Project-main/Projeto3D - Demo - MobileInputsOriginal
-logFile
Logs/AssetImportWorker0.log
-srvPort
59901
Successfully changed project path to: C:/Users/hangp/Documents/UnitySaves/Unity-Project-main/Unity-Project-main/Projeto3D - Demo - MobileInputsOriginal
C:/Users/hangp/Documents/UnitySaves/Unity-Project-main/Unity-Project-main/Projeto3D - Demo - MobileInputsOriginal
Using Asset Import Pipeline V2.
Refreshing native plugins compatible for Editor in 29.11 ms, found 0 plugins.
Preloading 0 native plugins for Editor in 0.00 ms.
Initialize engine version: 2020.2.6f1 (8a2143876886)
[Subsystems] Discovering subsystems at path C:/Program Files/Unity/Hub/Editor/2020.2.6f1/Editor/Data/Resources/UnitySubsystems
[Subsystems] Discovering subsystems at path C:/Users/hangp/Documents/UnitySaves/Unity-Project-main/Unity-Project-main/Projeto3D - Demo - MobileInputsOriginal/Assets
GfxDevice: creating device client; threaded=0
Direct3D:
    Version:  Direct3D 11.0 [level 11.1]
    Renderer: NVIDIA GeForce RTX 2070 with Max-Q Design (ID=0x1f14)
    Vendor:   
    VRAM:     8031 MB
    Driver:   27.21.14.5167
Initialize mono
Mono path[0] = 'C:/Program Files/Unity/Hub/Editor/2020.2.6f1/Editor/Data/Managed'
Mono path[1] = 'C:/Program Files/Unity/Hub/Editor/2020.2.6f1/Editor/Data/MonoBleedingEdge/lib/mono/unityjit'
Mono config path = 'C:/Program Files/Unity/Hub/Editor/2020.2.6f1/Editor/Data/MonoBleedingEdge/etc'
Using monoOptions --debugger-agent=transport=dt_socket,embedding=1,server=y,suspend=n,address=127.0.0.1:56924
Begin MonoManager ReloadAssembly
Registering precompiled unity dll's ...
Register platform support module: C:/Program Files/Unity/Hub/Editor/2020.2.6f1/Editor/Data/PlaybackEngines/WindowsStandaloneSupport/UnityEditor.WindowsStandalone.Extensions.dll
Registered in 0.001700 seconds.
Native extension for WindowsStandalone target not found
Refreshing native plugins compatible for Editor in 30.37 ms, found 0 plugins.
Preloading 0 native plugins for Editor in 0.00 ms.
Invoked RoslynAnalysisRunner static constructor.
RoslynAnalysisRunner will not be running.
RoslynAnalysisRunner has terminated.
Mono: successfully reloaded assembly
- Completed reload, in  1.564 seconds
Platform modules already initialized, skipping
Registering precompiled user dll's ...
Registered in 0.001243 seconds.
Begin MonoManager ReloadAssembly
Script error: OnCollisionEnter
This message parameter has to be of type: Collision
The message will be ignored.

Native extension for WindowsStandalone target not found
Refreshing native plugins compatible for Editor in 32.70 ms, found 0 plugins.
Preloading 0 native plugins for Editor in 0.00 ms.
Invoked RoslynAnalysisRunner static constructor.
RoslynAnalysisRunner will not be running.
RoslynAnalysisRunner has terminated.
Mono: successfully reloaded assembly
- Completed reload, in  1.485 seconds
Platform modules already initialized, skipping
========================================================================
Worker process is ready to serve import requests
Launched and connected shader compiler UnityShaderCompiler.exe after 0.03 seconds
Refreshing native plugins compatible for Editor in 0.27 ms, found 0 plugins.
Preloading 0 native plugins for Editor in 0.00 ms.
Unloading 1740 Unused Serialized files (Serialized files now loaded: 0)
System memory in use before: 103.9 MB.
System memory in use after: 103.9 MB.

Unloading 23 unused Assets to reduce memory usage. Loaded Objects now: 2202.
Total: 5.895200 ms (FindLiveObjects: 0.519700 ms CreateObjectMapping: 0.273800 ms MarkObjects: 4.665800 ms  DeleteObjects: 0.432600 ms)

========================================================================
Received Import Request.
  path: Assets/Scripts/ProgressBar.cs
  artifactKey: Guid(fee0edaa06e2cb242a3536f65e950b15) Importer(815301076,1909f56bfc062723c751e8b465ee728b)
Start importing Assets/Scripts/ProgressBar.cs using Guid(fee0edaa06e2cb242a3536f65e950b15) Importer(815301076,1909f56bfc062723c751e8b465ee728b)  -> (artifact id: '69c1fbecca70f2ed1d7d0606540b9b8e') in 0.025673 seconds
  Import took 0.028749 seconds .

AssetImportWorkerClient::OnTransportError - code=2 error=End of file
